<?xml version="1.0" encoding="UTF-8"?>
<!-- Generated by org.testng.reporters.JUnitXMLReporter -->
<testsuite ignored="0" hostname="Manoj_Tambe_FCT" failures="1" tests="2" name="Test" time="5.354" errors="0" timestamp="2024-05-31T16:20:11 IST">
  <testcase classname="Azure.DevOps.AppTest" name="shouldAnswerWithTrue" time="5.312"/>
  <testcase classname="Azure.DevOps.Pipeline_Two" name="run" time="0.001">
    <failure type="java.lang.Error" message="Unresolved compilation problem: 
	The method prinln(String) is undefined for the type PrintStream
">
      <![CDATA[java.lang.Error: Unresolved compilation problem: 
The method prinln(String) is undefined for the type PrintStream

at Azure.DevOps.Pipeline_Two.run(Pipeline_Two.java:9)
at java.base/java.util.ArrayList.forEach(ArrayList.java:1511)
... Removed 25 stack frames]]>
    </failure>
  </testcase> <!-- run -->
</testsuite> <!-- Test -->
