<?xml version="1.0" encoding="UTF-8"?>
<testng-results ignored="0" total="1" passed="1" failed="0" skipped="0">
  <reporter-output>
  </reporter-output>
  <suite started-at="2024-05-26T22:24:36 IST" name="Suite" finished-at="2024-05-26T22:24:46 IST" duration-ms="10237">
    <groups>
    </groups>
    <test started-at="2024-05-26T22:24:36 IST" name="Test" finished-at="2024-05-26T22:24:46 IST" duration-ms="10237">
      <class name="Azure.DevOps.AppTest">
        <test-method signature="shouldAnswerWithTrue()[pri:0, instance:Azure.DevOps.AppTest@795cd85e]" started-at="2024-05-26T22:24:36 IST" name="shouldAnswerWithTrue" finished-at="2024-05-26T22:24:46 IST" duration-ms="10210" status="PASS">
          <reporter-output>
          </reporter-output>
        </test-method> <!-- shouldAnswerWithTrue -->
      </class> <!-- Azure.DevOps.AppTest -->
    </test> <!-- Test -->
  </suite> <!-- Suite -->
</testng-results>
